<?xml version="1.0" encoding="UTF-8"?>
<!-- Generated by org.testng.reporters.JUnitXMLReporter -->
<testsuite ignored="0" hostname="CHAITRA" failures="1" tests="1" name="Test(failed)" time="12.461" errors="0" timestamp="2023-06-26T17:06:21 BST">
  <testcase classname="testng.Testcase1" name="tc1" time="3.529">
    <failure type="java.lang.AssertionError" message="The following asserts failed:
	expected [Log in to Facebook] but found [Facebook – log in or sign up]">
      <![CDATA[java.lang.AssertionError: The following asserts failed:
expected [Log in to Facebook] but found [Facebook – log in or sign up]
at testng.Testcase1.tc1(Testcase1.java:42)
at java.base/java.util.ArrayList.forEach(ArrayList.java:1511)
... Removed 29 stack frames]]>
    </failure>
  </testcase> <!-- tc1 -->
</testsuite> <!-- Test(failed) -->
